c:\users\14355\onedrive\code\opengl\opengl__unlabeled_ar\opengl_01\x64\debug\vc142.pdb
c:\users\14355\onedrive\code\opengl\opengl__unlabeled_ar\opengl_01\x64\debug\vc142.idb
c:\users\14355\onedrive\code\opengl\opengl__unlabeled_ar\opengl_01\x64\debug\std_img.obj
c:\users\14355\onedrive\code\opengl\opengl__unlabeled_ar\opengl_01\x64\debug\patterndetector.obj
c:\users\14355\onedrive\code\opengl\opengl__unlabeled_ar\opengl_01\x64\debug\pattern.obj
c:\users\14355\onedrive\code\opengl\opengl__unlabeled_ar\opengl_01\x64\debug\main.obj
c:\users\14355\onedrive\code\opengl\opengl__unlabeled_ar\opengl_01\x64\debug\geometrytypes.obj
c:\users\14355\onedrive\code\opengl\opengl__unlabeled_ar\opengl_01\x64\debug\cameracalibration.obj
c:\users\14355\onedrive\code\opengl\opengl__unlabeled_ar\opengl_01\x64\debug\arpipeline.obj
c:\users\14355\onedrive\code\opengl\opengl__unlabeled_ar\opengl_01\x64\debug\glad.obj
c:\users\14355\git\image2019\opengl__unlabeled_ar\opengl_01\x64\debug\vc142.pdb
c:\users\14355\git\image2019\opengl__unlabeled_ar\opengl_01\x64\debug\vc142.idb
c:\users\14355\git\image2019\opengl__unlabeled_ar\opengl_01\x64\debug\std_img.obj
c:\users\14355\git\image2019\opengl__unlabeled_ar\opengl_01\x64\debug\patterndetector.obj
c:\users\14355\git\image2019\opengl__unlabeled_ar\opengl_01\x64\debug\pattern.obj
c:\users\14355\git\image2019\opengl__unlabeled_ar\opengl_01\x64\debug\geometrytypes.obj
c:\users\14355\git\image2019\opengl__unlabeled_ar\opengl_01\x64\debug\cameracalibration.obj
c:\users\14355\git\image2019\opengl__unlabeled_ar\opengl_01\x64\debug\arpipeline.obj
c:\users\14355\git\image2019\opengl__unlabeled_ar\opengl_01\x64\debug\main.obj
c:\users\14355\git\image2019\opengl__unlabeled_ar\opengl_01\x64\debug\glad.obj
c:\users\14355\git\image2019\opengl__unlabeled_ar\opengl_01\x64\debug\myopengl.obj
c:\users\14355\git\image2019\4.2 unlabeled_ar\opengl_01\x64\debug\vc142.pdb
c:\users\14355\git\image2019\4.2 unlabeled_ar\opengl_01\x64\debug\vc142.idb
c:\users\14355\git\image2019\4.2 unlabeled_ar\opengl_01\x64\debug\std_img.obj
c:\users\14355\git\image2019\4.2 unlabeled_ar\opengl_01\x64\debug\patterndetector.obj
c:\users\14355\git\image2019\4.2 unlabeled_ar\opengl_01\x64\debug\pattern.obj
c:\users\14355\git\image2019\4.2 unlabeled_ar\opengl_01\x64\debug\myopengl.obj
c:\users\14355\git\image2019\4.2 unlabeled_ar\opengl_01\x64\debug\geometrytypes.obj
c:\users\14355\git\image2019\4.2 unlabeled_ar\opengl_01\x64\debug\cameracalibration.obj
c:\users\14355\git\image2019\4.2 unlabeled_ar\opengl_01\x64\debug\arpipeline.obj
c:\users\14355\onedrive\code\opengl\opengl__unlabeled_ar\x64\debug\opengl_01.exe
c:\users\14355\onedrive\code\opengl\opengl__unlabeled_ar\x64\debug\opengl_01.ilk
c:\users\14355\onedrive\code\opengl\opengl__unlabeled_ar\x64\debug\opengl_01.pdb
c:\users\14355\git\image2019\opengl__unlabeled_ar\x64\debug\opengl_01.exe
c:\users\14355\git\image2019\opengl__unlabeled_ar\x64\debug\opengl_01.ilk
c:\users\14355\git\image2019\opengl__unlabeled_ar\x64\debug\opengl_01.pdb
c:\users\14355\git\image2019\4.2 unlabeled_ar\opengl_01\x64\debug\glad.obj
c:\users\14355\git\image2019\4.2 unlabeled_ar\opengl_01\x64\debug\main.obj
c:\users\14355\git\image2019\4.2 unlabeled_ar\opengl_01\x64\debug\myopengl.new.obj.enc
c:\users\14355\git\image2019\4.2 unlabeled_ar\x64\debug\opengl_01.pdb
c:\users\14355\git\image2019\4.2 unlabeled_ar\x64\debug\opengl_01.exe
c:\users\14355\git\image2019\4.2 unlabeled_ar\x64\debug\opengl_01.ilk
c:\users\14355\git\image2019\4.2 unlabeled_ar\opengl_01\x64\debug\opengl_01.tlog\cl.command.1.tlog
c:\users\14355\git\image2019\4.2 unlabeled_ar\opengl_01\x64\debug\opengl_01.tlog\cl.read.1.tlog
c:\users\14355\git\image2019\4.2 unlabeled_ar\opengl_01\x64\debug\opengl_01.tlog\cl.write.1.tlog
c:\users\14355\git\image2019\4.2 unlabeled_ar\opengl_01\x64\debug\opengl_01.tlog\link.command.1.tlog
c:\users\14355\git\image2019\4.2 unlabeled_ar\opengl_01\x64\debug\opengl_01.tlog\link.read.1.tlog
c:\users\14355\git\image2019\4.2 unlabeled_ar\opengl_01\x64\debug\opengl_01.tlog\link.write.1.tlog
