c:\users\14355\onedrive\code\vs\solution2\solution2\x64\debug\vc142.pdb
c:\users\14355\onedrive\code\vs\solution2\solution2\x64\debug\vc142.idb
c:\users\14355\onedrive\code\vs\solution2\solution2\x64\debug\main.obj
c:\users\14355\onedrive\code\vs\opencv_binocular\solution2\x64\debug\vc142.pdb
c:\users\14355\onedrive\code\vs\opencv_binocular\solution2\x64\debug\vc142.idb
c:\users\14355\onedrive\code\vs\opencv_binocular\solution2\x64\debug\stereo_calib.obj
c:\users\14355\onedrive\code\vs\opencv_binocular\solution2\x64\debug\stereo_match.obj
c:\users\14355\onedrive\code\vs\opencv_imagelist\solution2\x64\debug\vc142.pdb
c:\users\14355\onedrive\code\vs\opencv_imagelist\solution2\x64\debug\vc142.idb
c:\users\14355\onedrive\code\vs\opencv_imagelist\solution2\x64\debug\imagelist_creator.obj
c:\users\14355\onedrive\code\vs\opencv_single\solution2\x64\debug\vc142.pdb
c:\users\14355\onedrive\code\vs\opencv_single\solution2\x64\debug\vc142.idb
c:\users\14355\onedrive\code\vs\opencv_single\solution2\x64\debug\calibration.obj
c:\users\14355\onedrive\code\vs\opencv_remap\solution2\x64\debug\vc142.pdb
c:\users\14355\onedrive\code\vs\opencv_remap\solution2\x64\debug\vc142.idb
c:\users\14355\onedrive\code\vs\opencv_remap\solution2\x64\debug\calibration.obj
c:\users\14355\onedrive\code\vs\solution2\x64\debug\solution2.exe
c:\users\14355\onedrive\code\vs\solution2\x64\debug\solution2.ilk
c:\users\14355\onedrive\code\vs\solution2\x64\debug\solution2.pdb
c:\users\14355\onedrive\code\vs\opencv_binocular\x64\debug\solution2.exe
c:\users\14355\onedrive\code\vs\opencv_binocular\x64\debug\solution2.ilk
c:\users\14355\onedrive\code\vs\opencv_binocular\x64\debug\solution2.pdb
c:\users\14355\onedrive\code\vs\opencv_imagelist\x64\debug\solution2.exe
c:\users\14355\onedrive\code\vs\opencv_imagelist\x64\debug\solution2.ilk
c:\users\14355\onedrive\code\vs\opencv_imagelist\x64\debug\solution2.pdb
c:\users\14355\onedrive\code\vs\opencv_single\x64\debug\solution2.exe
c:\users\14355\onedrive\code\vs\opencv_single\x64\debug\solution2.ilk
c:\users\14355\onedrive\code\vs\opencv_single\x64\debug\solution2.pdb
c:\users\14355\onedrive\code\vs\opencv_remap\x64\debug\solution2.exe
c:\users\14355\onedrive\code\vs\opencv_remap\x64\debug\solution2.ilk
c:\users\14355\onedrive\code\vs\opencv_remap\x64\debug\solution2.pdb
c:\users\14355\onedrive\code\vs\opencv_remap\solution2\x64\debug\imagelist_creator.obj
c:\users\14355\onedrive\code\vs\opencv_remap\solution2\x64\debug\main.obj
c:\users\14355\onedrive\code\vs\opencv_remap\solution2\x64\debug\stereo_calib.obj
c:\users\14355\onedrive\code\vs\opencv_remap\solution2\x64\debug\stereo_match.obj
c:\users\14355\onedrive\code\vs\opencv_remap\solution2\x64\debug\calibration.obj.enc
c:\users\14355\onedrive\code\vs\opencv_remap\solution2\x64\debug\solution2.tlog\cl.command.1.tlog
c:\users\14355\onedrive\code\vs\opencv_remap\solution2\x64\debug\solution2.tlog\cl.read.1.tlog
c:\users\14355\onedrive\code\vs\opencv_remap\solution2\x64\debug\solution2.tlog\cl.write.1.tlog
c:\users\14355\onedrive\code\vs\opencv_remap\solution2\x64\debug\solution2.tlog\link.command.1.tlog
c:\users\14355\onedrive\code\vs\opencv_remap\solution2\x64\debug\solution2.tlog\link.read.1.tlog
c:\users\14355\onedrive\code\vs\opencv_remap\solution2\x64\debug\solution2.tlog\link.write.1.tlog
